#
# There is insufficient memory for the Java Runtime Environment to continue.
# Native memory allocation (malloc) failed to allocate 1048576 bytes. Error detail: AllocateHeap
# Possible reasons:
#   The system is out of physical RAM or swap space
#   This process is running with CompressedOops enabled, and the Java Heap may be blocking the growth of the native heap
# Possible solutions:
#   Reduce memory load on the system
#   Increase physical memory or swap space
#   Check if swap backing store is full
#   Decrease Java heap size (-Xmx/-Xms)
#   Decrease number of Java threads
#   Decrease Java thread stack sizes (-Xss)
#   Set larger code cache with -XX:ReservedCodeCacheSize=
#   JVM is running with Zero Based Compressed Oops mode in which the Java heap is
#     placed in the first 32GB address space. The Java Heap base address is the
#     maximum limit for the native heap growth. Please use -XX:HeapBaseMinAddress
#     to set the Java Heap base and to place the Java Heap above 32GB virtual address.
# This output file may be truncated or incomplete.
#
#  Out of Memory Error (allocation.cpp:44), pid=684, tid=25636
#
# JRE version: OpenJDK Runtime Environment Temurin-21.0.10+7 (21.0.10+7) (build 21.0.10+7-LTS)
# Java VM: OpenJDK 64-Bit Server VM Temurin-21.0.10+7 (21.0.10+7-LTS, mixed mode, sharing, tiered, compressed oops, compressed class ptrs, g1 gc, windows-amd64)
# No core dump will be written. Minidumps are not enabled by default on client versions of Windows
#

---------------  S U M M A R Y ------------

Command Line: -javaagent:E:\JAVA\IntelliJ IDEA 2022.1.4\lib\idea_rt.jar=4201:E:\JAVA\IntelliJ IDEA 2022.1.4\bin -Dfile.encoding=UTF-8 com.bus.StreamingJob

Host: AMD Ryzen 9 7945HX with Radeon Graphics        , 32 cores, 15G,  Windows 11 , 64 bit Build 26100 (10.0.26100.8246)
Time: Fri May 22 04:21:10 2026 elapsed time: 2.086637 seconds (0d 0h 0m 2s)

---------------  T H R E A D  ---------------

Current thread (0x00000000247f6ae0):  JavaThread "Attach Listener" daemon [_thread_in_vm, id=25636, stack(0x000000006a000000,0x000000006a100000) (1024K)]

Stack: [0x000000006a000000,0x000000006a100000]
Native frames: (J=compiled Java code, j=interpreted, Vv=VM code, C=native code)
V  [jvm.dll+0x6d7a39]
V  [jvm.dll+0x8b4b26]
V  [jvm.dll+0x8b70de]
V  [jvm.dll+0x8b77c3]
V  [jvm.dll+0x284346]
V  [jvm.dll+0xc1277]
V  [jvm.dll+0x6d82e9]
V  [jvm.dll+0x1334a6]
V  [jvm.dll+0x3f857e]
V  [jvm.dll+0x85f59d]
V  [jvm.dll+0x6d626d]
C  [ucrtbase.dll+0x37b0]
C  [KERNEL32.DLL+0x2e8d7]
C  [ntdll.dll+0x8c3fc]


---------------  P R O C E S S  ---------------

Threads class SMR info:
_java_thread_list=0x000000006b5cbf20, length=12, elements={
0x00000000005bcf20, 0x00000000247ec1b0, 0x00000000247ecf00, 0x00000000247f55f0,
0x00000000247f6ae0, 0x00000000247f9b50, 0x00000000247fba00, 0x00000000247fe600,
0x000000002480bc50, 0x0000000024b048a0, 0x0000000024ab3fd0, 0x0000000024bbe640
}

Java Threads: ( => current thread )
  0x00000000005bcf20 JavaThread "main"                              [_thread_in_vm, id=4556, stack(0x0000000000d60000,0x0000000000e60000) (1024K)]
  0x00000000247ec1b0 JavaThread "Reference Handler"          daemon [_thread_blocked, id=26628, stack(0x0000000024cc0000,0x0000000024dc0000) (1024K)]
  0x00000000247ecf00 JavaThread "Finalizer"                  daemon [_thread_blocked, id=37060, stack(0x0000000024dc0000,0x0000000024ec0000) (1024K)]
  0x00000000247f55f0 JavaThread "Signal Dispatcher"          daemon [_thread_blocked, id=32380, stack(0x0000000024ec0000,0x0000000024fc0000) (1024K)]
=>0x00000000247f6ae0 JavaThread "Attach Listener"            daemon [_thread_in_vm, id=25636, stack(0x000000006a000000,0x000000006a100000) (1024K)]
  0x00000000247f9b50 JavaThread "Service Thread"             daemon [_thread_blocked, id=15124, stack(0x000000006a100000,0x000000006a200000) (1024K)]
  0x00000000247fba00 JavaThread "Monitor Deflation Thread"   daemon [_thread_blocked, id=6632, stack(0x000000006a200000,0x000000006a300000) (1024K)]
  0x00000000247fe600 JavaThread "C2 CompilerThread0"         daemon [_thread_blocked, id=22604, stack(0x000000006a300000,0x000000006a400000) (1024K)]
  0x000000002480bc50 JavaThread "C1 CompilerThread0"         daemon [_thread_blocked, id=2000, stack(0x000000006a400000,0x000000006a500000) (1024K)]
  0x0000000024b048a0 JavaThread "Common-Cleaner"             daemon [_thread_blocked, id=37284, stack(0x000000006a900000,0x000000006aa00000) (1024K)]
  0x0000000024ab3fd0 JavaThread "Monitor Ctrl-Break"         daemon [_thread_in_native, id=40564, stack(0x000000006b200000,0x000000006b300000) (1024K)]
  0x0000000024bbe640 JavaThread "Notification Thread"        daemon [_thread_blocked, id=25964, stack(0x000000006b300000,0x000000006b400000) (1024K)]
Total: 12

Other Threads:
  0x00000000247cc0b0 VMThread "VM Thread"                           [id=32356, stack(0x0000000024bc0000,0x0000000024cc0000) (1024K)]
  0x0000000023a09370 WatcherThread "VM Periodic Task Thread"        [id=32820, stack(0x00000000246c0000,0x00000000247c0000) (1024K)]
  0x0000000002d7fa70 WorkerThread "GC Thread#0"                     [id=39060, stack(0x0000000020720000,0x0000000020820000) (1024K)]
  0x000000006b5c9fe0 WorkerThread "GC Thread#1"                     [id=5016, stack(0x000000006c4d0000,0x000000006c5d0000) (1024K)]
  0x000000006b5ca390 WorkerThread "GC Thread#2"                     [id=24096, stack(0x000000006c5d0000,0x000000006c6d0000) (1024K)]
  0x000000006b5ca740 WorkerThread "GC Thread#3"                     [id=31176, stack(0x000000006c6d0000,0x000000006c7d0000) (1024K)]
  0x000000006b5cb300 WorkerThread "GC Thread#4"                     [id=39184, stack(0x000000006c7d0000,0x000000006c8d0000) (1024K)]
  0x000000006b5cbac0 WorkerThread "GC Thread#5"                     [id=22080, stack(0x000000006c8d0000,0x000000006c9d0000) (1024K)]
  0x000000006b583510 WorkerThread "GC Thread#6"                     [id=28944, stack(0x000000006cad0000,0x000000006cbd0000) (1024K)]
  0x000000006b5838c0 WorkerThread "GC Thread#7"                     [id=12052, stack(0x000000006cbd0000,0x000000006ccd0000) (1024K)]
  0x0000000002d914b0 ConcurrentGCThread "G1 Main Marker"            [id=39780, stack(0x0000000020820000,0x0000000020920000) (1024K)]
  0x0000000002d93770 WorkerThread "G1 Conc#0"                       [id=7532, stack(0x0000000020920000,0x0000000020a20000) (1024K)]
  0x00000000238da0a0 ConcurrentGCThread "G1 Refine#0"               [id=24408, stack(0x00000000244c0000,0x00000000245c0000) (1024K)]
  0x00000000238dac20 ConcurrentGCThread "G1 Service"                [id=5292, stack(0x00000000245c0000,0x00000000246c0000) (1024K)]
Total: 14

Threads with active compile tasks:
C2 CompilerThread0  2123 1135       4       java.lang.String::<init> (98 bytes)
Total: 1

VM state: not at safepoint (normal execution)

VM Mutex/Monitor currently owned by a thread: None

Heap address: 0x0000000704e00000, size: 4018 MB, Compressed Oops mode: Zero based, Oop shift amount: 3

CDS archive(s) mapped at: [0x0000000025000000-0x0000000025c80000-0x0000000025c80000), size 13107200, SharedBaseAddress: 0x0000000025000000, ArchiveRelocationMode: 1.
Compressed class space mapped at: 0x0000000026000000-0x0000000066000000, reserved size: 1073741824
Narrow klass base: 0x0000000025000000, Narrow klass shift: 0, Narrow klass range: 0x100000000

GC Precious Log:
 CardTable entry size: 512
 Card Set container configuration: InlinePtr #cards 4 size 8 Array Of Cards #cards 16 size 48 Howl #buckets 8 coarsen threshold 3686 Howl Bitmap #cards 512 size 80 coarsen threshold 460 Card regions per heap region 1 cards per card region 4096
 CPUs: 32 total, 32 available
 Memory: 16064M
 Large Page Support: Disabled
 NUMA Support: Disabled
 Compressed Oops: Enabled (Zero based)
 Heap Region Size: 2M
 Heap Min Capacity: 8M
 Heap Initial Capacity: 252M
 Heap Max Capacity: 4018M
 Pre-touch: Disabled
 Parallel Workers: 23
 Concurrent Workers: 6
 Concurrent Refinement Workers: 23
 Periodic GC: Disabled

Heap:
 garbage-first heap   total 258048K, used 10826K [0x0000000704e00000, 0x0000000800000000)
  region size 2048K, 4 young (8192K), 2 survivors (4096K)
 Metaspace       used 5811K, committed 5952K, reserved 1114112K
  class space    used 606K, committed 640K, reserved 1048576K

Heap Regions: E=young(eden), S=young(survivor), O=old, HS=humongous(starts), HC=humongous(continues), CS=collection set, F=free, TAMS=top-at-mark-start, PB=parsable bottom
|   0|0x0000000704e00000, 0x0000000705000000, 0x0000000705000000|100%|HS|  |TAMS 0x0000000704e00000| PB 0x0000000704e00000| Complete 
|   1|0x0000000705000000, 0x0000000705200000, 0x0000000705200000|100%| O|  |TAMS 0x0000000705000000| PB 0x0000000705000000| Untracked 
|   2|0x0000000705200000, 0x0000000705292a88, 0x0000000705400000| 28%| O|  |TAMS 0x0000000705200000| PB 0x0000000705200000| Untracked 
|   3|0x0000000705400000, 0x0000000705400000, 0x0000000705600000|  0%| F|  |TAMS 0x0000000705400000| PB 0x0000000705400000| Untracked 
|   4|0x0000000705600000, 0x0000000705600000, 0x0000000705800000|  0%| F|  |TAMS 0x0000000705600000| PB 0x0000000705600000| Untracked 
|   5|0x0000000705800000, 0x0000000705800000, 0x0000000705a00000|  0%| F|  |TAMS 0x0000000705800000| PB 0x0000000705800000| Untracked 
|   6|0x0000000705a00000, 0x0000000705a00000, 0x0000000705c00000|  0%| F|  |TAMS 0x0000000705a00000| PB 0x0000000705a00000| Untracked 
|   7|0x0000000705c00000, 0x0000000705c00000, 0x0000000705e00000|  0%| F|  |TAMS 0x0000000705c00000| PB 0x0000000705c00000| Untracked 
|   8|0x0000000705e00000, 0x0000000705e00000, 0x0000000706000000|  0%| F|  |TAMS 0x0000000705e00000| PB 0x0000000705e00000| Untracked 
|   9|0x0000000706000000, 0x0000000706000000, 0x0000000706200000|  0%| F|  |TAMS 0x0000000706000000| PB 0x0000000706000000| Untracked 
|  10|0x0000000706200000, 0x0000000706200000, 0x0000000706400000|  0%| F|  |TAMS 0x0000000706200000| PB 0x0000000706200000| Untracked 
|  11|0x0000000706400000, 0x0000000706400000, 0x0000000706600000|  0%| F|  |TAMS 0x0000000706400000| PB 0x0000000706400000| Untracked 
|  12|0x0000000706600000, 0x0000000706600000, 0x0000000706800000|  0%| F|  |TAMS 0x0000000706600000| PB 0x0000000706600000| Untracked 
|  13|0x0000000706800000, 0x0000000706800000, 0x0000000706a00000|  0%| F|  |TAMS 0x0000000706800000| PB 0x0000000706800000| Untracked 
|  14|0x0000000706a00000, 0x0000000706a00000, 0x0000000706c00000|  0%| F|  |TAMS 0x0000000706a00000| PB 0x0000000706a00000| Untracked 
|  15|0x0000000706c00000, 0x0000000706c00000, 0x0000000706e00000|  0%| F|  |TAMS 0x0000000706c00000| PB 0x0000000706c00000| Untracked 
|  16|0x0000000706e00000, 0x0000000706e00000, 0x0000000707000000|  0%| F|  |TAMS 0x0000000706e00000| PB 0x0000000706e00000| Untracked 
|  17|0x0000000707000000, 0x0000000707000000, 0x0000000707200000|  0%| F|  |TAMS 0x0000000707000000| PB 0x0000000707000000| Untracked 
|  18|0x0000000707200000, 0x0000000707200000, 0x0000000707400000|  0%| F|  |TAMS 0x0000000707200000| PB 0x0000000707200000| Untracked 
|  19|0x0000000707400000, 0x0000000707400000, 0x0000000707600000|  0%| F|  |TAMS 0x0000000707400000| PB 0x0000000707400000| Untracked 
|  20|0x0000000707600000, 0x0000000707600000, 0x0000000707800000|  0%| F|  |TAMS 0x0000000707600000| PB 0x0000000707600000| Untracked 
|  21|0x0000000707800000, 0x0000000707800000, 0x0000000707a00000|  0%| F|  |TAMS 0x0000000707800000| PB 0x0000000707800000| Untracked 
|  22|0x0000000707a00000, 0x0000000707a00000, 0x0000000707c00000|  0%| F|  |TAMS 0x0000000707a00000| PB 0x0000000707a00000| Untracked 
|  23|0x0000000707c00000, 0x0000000707c00000, 0x0000000707e00000|  0%| F|  |TAMS 0x0000000707c00000| PB 0x0000000707c00000| Untracked 
|  24|0x0000000707e00000, 0x0000000707e00000, 0x0000000708000000|  0%| F|  |TAMS 0x0000000707e00000| PB 0x0000000707e00000| Untracked 
|  25|0x0000000708000000, 0x0000000708000000, 0x0000000708200000|  0%| F|  |TAMS 0x0000000708000000| PB 0x0000000708000000| Untracked 
|  26|0x0000000708200000, 0x0000000708200000, 0x0000000708400000|  0%| F|  |TAMS 0x0000000708200000| PB 0x0000000708200000| Untracked 
|  27|0x0000000708400000, 0x0000000708400000, 0x0000000708600000|  0%| F|  |TAMS 0x0000000708400000| PB 0x0000000708400000| Untracked 
|  28|0x0000000708600000, 0x0000000708600000, 0x0000000708800000|  0%| F|  |TAMS 0x0000000708600000| PB 0x0000000708600000| Untracked 
|  29|0x0000000708800000, 0x0000000708800000, 0x0000000708a00000|  0%| F|  |TAMS 0x0000000708800000| PB 0x0000000708800000| Untracked 
|  30|0x0000000708a00000, 0x0000000708a00000, 0x0000000708c00000|  0%| F|  |TAMS 0x0000000708a00000| PB 0x0000000708a00000| Untracked 
|  31|0x0000000708c00000, 0x0000000708c00000, 0x0000000708e00000|  0%| F|  |TAMS 0x0000000708c00000| PB 0x0000000708c00000| Untracked 
|  32|0x0000000708e00000, 0x0000000708e00000, 0x0000000709000000|  0%| F|  |TAMS 0x0000000708e00000| PB 0x0000000708e00000| Untracked 
|  33|0x0000000709000000, 0x0000000709000000, 0x0000000709200000|  0%| F|  |TAMS 0x0000000709000000| PB 0x0000000709000000| Untracked 
|  34|0x0000000709200000, 0x0000000709200000, 0x0000000709400000|  0%| F|  |TAMS 0x0000000709200000| PB 0x0000000709200000| Untracked 
|  35|0x0000000709400000, 0x0000000709400000, 0x0000000709600000|  0%| F|  |TAMS 0x0000000709400000| PB 0x0000000709400000| Untracked 
|  36|0x0000000709600000, 0x0000000709600000, 0x0000000709800000|  0%| F|  |TAMS 0x0000000709600000| PB 0x0000000709600000| Untracked 
|  37|0x0000000709800000, 0x0000000709800000, 0x0000000709a00000|  0%| F|  |TAMS 0x0000000709800000| PB 0x0000000709800000| Untracked 
|  38|0x0000000709a00000, 0x0000000709a00000, 0x0000000709c00000|  0%| F|  |TAMS 0x0000000709a00000| PB 0x0000000709a00000| Untracked 
|  39|0x0000000709c00000, 0x0000000709c00000, 0x0000000709e00000|  0%| F|  |TAMS 0x0000000709c00000| PB 0x0000000709c00000| Untracked 
|  40|0x0000000709e00000, 0x0000000709e00000, 0x000000070a000000|  0%| F|  |TAMS 0x0000000709e00000| PB 0x0000000709e00000| Untracked 
|  41|0x000000070a000000, 0x000000070a000000, 0x000000070a200000|  0%| F|  |TAMS 0x000000070a000000| PB 0x000000070a000000| Untracked 
|  42|0x000000070a200000, 0x000000070a200000, 0x000000070a400000|  0%| F|  |TAMS 0x000000070a200000| PB 0x000000070a200000| Untracked 
|  43|0x000000070a400000, 0x000000070a400000, 0x000000070a600000|  0%| F|  |TAMS 0x000000070a400000| PB 0x000000070a400000| Untracked 
|  44|0x000000070a600000, 0x000000070a600000, 0x000000070a800000|  0%| F|  |TAMS 0x000000070a600000| PB 0x000000070a600000| Untracked 
|  45|0x000000070a800000, 0x000000070a800000, 0x000000070aa00000|  0%| F|  |TAMS 0x000000070a800000| PB 0x000000070a800000| Untracked 
|  46|0x000000070aa00000, 0x000000070aa00000, 0x000000070ac00000|  0%| F|  |TAMS 0x000000070aa00000| PB 0x000000070aa00000| Untracked 
|  47|0x000000070ac00000, 0x000000070ac00000, 0x000000070ae00000|  0%| F|  |TAMS 0x000000070ac00000| PB 0x000000070ac00000| Untracked 
|  48|0x000000070ae00000, 0x000000070ae00000, 0x000000070b000000|  0%| F|  |TAMS 0x000000070ae00000| PB 0x000000070ae00000| Untracked 
|  49|0x000000070b000000, 0x000000070b000000, 0x000000070b200000|  0%| F|  |TAMS 0x000000070b000000| PB 0x000000070b000000| Untracked 
|  50|0x000000070b200000, 0x000000070b200000, 0x000000070b400000|  0%| F|  |TAMS 0x000000070b200000| PB 0x000000070b200000| Untracked 
|  51|0x000000070b400000, 0x000000070b400000, 0x000000070b600000|  0%| F|  |TAMS 0x000000070b400000| PB 0x000000070b400000| Untracked 
|  52|0x000000070b600000, 0x000000070b600000, 0x000000070b800000|  0%| F|  |TAMS 0x000000070b600000| PB 0x000000070b600000| Untracked 
|  53|0x000000070b800000, 0x000000070b800000, 0x000000070ba00000|  0%| F|  |TAMS 0x000000070b800000| PB 0x000000070b800000| Untracked 
|  54|0x000000070ba00000, 0x000000070ba00000, 0x000000070bc00000|  0%| F|  |TAMS 0x000000070ba00000| PB 0x000000070ba00000| Untracked 
|  55|0x000000070bc00000, 0x000000070bc00000, 0x000000070be00000|  0%| F|  |TAMS 0x000000070bc00000| PB 0x000000070bc00000| Untracked 
|  56|0x000000070be00000, 0x000000070be00000, 0x000000070c000000|  0%| F|  |TAMS 0x000000070be00000| PB 0x000000070be00000| Untracked 
|  57|0x000000070c000000, 0x000000070c000000, 0x000000070c200000|  0%| F|  |TAMS 0x000000070c000000| PB 0x000000070c000000| Untracked 
|  58|0x000000070c200000, 0x000000070c200000, 0x000000070c400000|  0%| F|  |TAMS 0x000000070c200000| PB 0x000000070c200000| Untracked 
|  59|0x000000070c400000, 0x000000070c400000, 0x000000070c600000|  0%| F|  |TAMS 0x000000070c400000| PB 0x000000070c400000| Untracked 
|  60|0x000000070c600000, 0x000000070c600000, 0x000000070c800000|  0%| F|  |TAMS 0x000000070c600000| PB 0x000000070c600000| Untracked 
|  61|0x000000070c800000, 0x000000070c800000, 0x000000070ca00000|  0%| F|  |TAMS 0x000000070c800000| PB 0x000000070c800000| Untracked 
|  62|0x000000070ca00000, 0x000000070ca00000, 0x000000070cc00000|  0%| F|  |TAMS 0x000000070ca00000| PB 0x000000070ca00000| Untracked 
|  63|0x000000070cc00000, 0x000000070cc00000, 0x000000070ce00000|  0%| F|  |TAMS 0x000000070cc00000| PB 0x000000070cc00000| Untracked 
|  64|0x000000070ce00000, 0x000000070ce00000, 0x000000070d000000|  0%| F|  |TAMS 0x000000070ce00000| PB 0x000000070ce00000| Untracked 
|  65|0x000000070d000000, 0x000000070d000000, 0x000000070d200000|  0%| F|  |TAMS 0x000000070d000000| PB 0x000000070d000000| Untracked 
|  66|0x000000070d200000, 0x000000070d200000, 0x000000070d400000|  0%| F|  |TAMS 0x000000070d200000| PB 0x000000070d200000| Untracked 
|  67|0x000000070d400000, 0x000000070d400000, 0x000000070d600000|  0%| F|  |TAMS 0x000000070d400000| PB 0x000000070d400000| Untracked 
|  68|0x000000070d600000, 0x000000070d600000, 0x000000070d800000|  0%| F|  |TAMS 0x000000070d600000| PB 0x000000070d600000| Untracked 
|  69|0x000000070d800000, 0x000000070d800000, 0x000000070da00000|  0%| F|  |TAMS 0x000000070d800000| PB 0x000000070d800000| Untracked 
|  70|0x000000070da00000, 0x000000070da00000, 0x000000070dc00000|  0%| F|  |TAMS 0x000000070da00000| PB 0x000000070da00000| Untracked 
|  71|0x000000070dc00000, 0x000000070dc00000, 0x000000070de00000|  0%| F|  |TAMS 0x000000070dc00000| PB 0x000000070dc00000| Untracked 
|  72|0x000000070de00000, 0x000000070de00000, 0x000000070e000000|  0%| F|  |TAMS 0x000000070de00000| PB 0x000000070de00000| Untracked 
|  73|0x000000070e000000, 0x000000070e000000, 0x000000070e200000|  0%| F|  |TAMS 0x000000070e000000| PB 0x000000070e000000| Untracked 
|  74|0x000000070e200000, 0x000000070e200000, 0x000000070e400000|  0%| F|  |TAMS 0x000000070e200000| PB 0x000000070e200000| Untracked 
|  75|0x000000070e400000, 0x000000070e400000, 0x000000070e600000|  0%| F|  |TAMS 0x000000070e400000| PB 0x000000070e400000| Untracked 
|  76|0x000000070e600000, 0x000000070e600000, 0x000000070e800000|  0%| F|  |TAMS 0x000000070e600000| PB 0x000000070e600000| Untracked 
|  77|0x000000070e800000, 0x000000070e800000, 0x000000070ea00000|  0%| F|  |TAMS 0x000000070e800000| PB 0x000000070e800000| Untracked 
|  78|0x000000070ea00000, 0x000000070ea00000, 0x000000070ec00000|  0%| F|  |TAMS 0x000000070ea00000| PB 0x000000070ea00000| Untracked 
|  79|0x000000070ec00000, 0x000000070ec00000, 0x000000070ee00000|  0%| F|  |TAMS 0x000000070ec00000| PB 0x000000070ec00000| Untracked 
|  80|0x000000070ee00000, 0x000000070ee00000, 0x000000070f000000|  0%| F|  |TAMS 0x000000070ee00000| PB 0x000000070ee00000| Untracked 
|  81|0x000000070f000000, 0x000000070f000000, 0x000000070f200000|  0%| F|  |TAMS 0x000000070f000000| PB 0x000000070f000000| Untracked 
|  82|0x000000070f200000, 0x000000070f200000, 0x000000070f400000|  0%| F|  |TAMS 0x000000070f200000| PB 0x000000070f200000| Untracked 
|  83|0x000000070f400000, 0x000000070f400000, 0x000000070f600000|  0%| F|  |TAMS 0x000000070f400000| PB 0x000000070f400000| Untracked 
|  84|0x000000070f600000, 0x000000070f600000, 0x000000070f800000|  0%| F|  |TAMS 0x000000070f600000| PB 0x000000070f600000| Untracked 
|  85|0x000000070f800000, 0x000000070f800000, 0x000000070fa00000|  0%| F|  |TAMS 0x000000070f800000| PB 0x000000070f800000| Untracked 
|  86|0x000000070fa00000, 0x000000070fa00000, 0x000000070fc00000|  0%| F|  |TAMS 0x000000070fa00000| PB 0x000000070fa00000| Untracked 
|  87|0x000000070fc00000, 0x000000070fc00000, 0x000000070fe00000|  0%| F|  |TAMS 0x000000070fc00000| PB 0x000000070fc00000| Untracked 
|  88|0x000000070fe00000, 0x000000070fe00000, 0x0000000710000000|  0%| F|  |TAMS 0x000000070fe00000| PB 0x000000070fe00000| Untracked 
|  89|0x0000000710000000, 0x0000000710000000, 0x0000000710200000|  0%| F|  |TAMS 0x0000000710000000| PB 0x0000000710000000| Untracked 
|  90|0x0000000710200000, 0x0000000710200000, 0x0000000710400000|  0%| F|  |TAMS 0x0000000710200000| PB 0x0000000710200000| Untracked 
|  91|0x0000000710400000, 0x0000000710400000, 0x0000000710600000|  0%| F|  |TAMS 0x0000000710400000| PB 0x0000000710400000| Untracked 
|  92|0x0000000710600000, 0x0000000710600000, 0x0000000710800000|  0%| F|  |TAMS 0x0000000710600000| PB 0x0000000710600000| Untracked 
|  93|0x0000000710800000, 0x0000000710800000, 0x0000000710a00000|  0%| F|  |TAMS 0x0000000710800000| PB 0x0000000710800000| Untracked 
|  94|0x0000000710a00000, 0x0000000710a00000, 0x0000000710c00000|  0%| F|  |TAMS 0x0000000710a00000| PB 0x0000000710a00000| Untracked 
|  95|0x0000000710c00000, 0x0000000710c00000, 0x0000000710e00000|  0%| F|  |TAMS 0x0000000710c00000| PB 0x0000000710c00000| Untracked 
|  96|0x0000000710e00000, 0x0000000710e00000, 0x0000000711000000|  0%| F|  |TAMS 0x0000000710e00000| PB 0x0000000710e00000| Untracked 
|  97|0x0000000711000000, 0x0000000711000000, 0x0000000711200000|  0%| F|  |TAMS 0x0000000711000000| PB 0x0000000711000000| Untracked 
|  98|0x0000000711200000, 0x0000000711200000, 0x0000000711400000|  0%| F|  |TAMS 0x0000000711200000| PB 0x0000000711200000| Untracked 
|  99|0x0000000711400000, 0x0000000711400000, 0x0000000711600000|  0%| F|  |TAMS 0x0000000711400000| PB 0x0000000711400000| Untracked 
| 100|0x0000000711600000, 0x0000000711600000, 0x0000000711800000|  0%| F|  |TAMS 0x0000000711600000| PB 0x0000000711600000| Untracked 
| 101|0x0000000711800000, 0x0000000711800000, 0x0000000711a00000|  0%| F|  |TAMS 0x0000000711800000| PB 0x0000000711800000| Untracked 
| 102|0x0000000711a00000, 0x0000000711a00000, 0x0000000711c00000|  0%| F|  |TAMS 0x0000000711a00000| PB 0x0000000711a00000| Untracked 
| 103|0x0000000711c00000, 0x0000000711c00000, 0x0000000711e00000|  0%| F|  |TAMS 0x0000000711c00000| PB 0x0000000711c00000| Untracked 
| 104|0x0000000711e00000, 0x0000000711e00000, 0x0000000712000000|  0%| F|  |TAMS 0x0000000711e00000| PB 0x0000000711e00000| Untracked 
| 105|0x0000000712000000, 0x0000000712000000, 0x0000000712200000|  0%| F|  |TAMS 0x0000000712000000| PB 0x0000000712000000| Untracked 
| 106|0x0000000712200000, 0x0000000712200000, 0x0000000712400000|  0%| F|  |TAMS 0x0000000712200000| PB 0x0000000712200000| Untracked 
| 107|0x0000000712400000, 0x0000000712400000, 0x0000000712600000|  0%| F|  |TAMS 0x0000000712400000| PB 0x0000000712400000| Untracked 
| 108|0x0000000712600000, 0x0000000712600000, 0x0000000712800000|  0%| F|  |TAMS 0x0000000712600000| PB 0x0000000712600000| Untracked 
| 109|0x0000000712800000, 0x0000000712800000, 0x0000000712a00000|  0%| F|  |TAMS 0x0000000712800000| PB 0x0000000712800000| Untracked 
| 110|0x0000000712a00000, 0x0000000712a00000, 0x0000000712c00000|  0%| F|  |TAMS 0x0000000712a00000| PB 0x0000000712a00000| Untracked 
| 111|0x0000000712c00000, 0x0000000712c00000, 0x0000000712e00000|  0%| F|  |TAMS 0x0000000712c00000| PB 0x0000000712c00000| Untracked 
| 112|0x0000000712e00000, 0x0000000712e00000, 0x0000000713000000|  0%| F|  |TAMS 0x0000000712e00000| PB 0x0000000712e00000| Untracked 
| 113|0x0000000713000000, 0x0000000713200000, 0x0000000713200000|100%| S|CS|TAMS 0x0000000713000000| PB 0x0000000713000000| Complete 
| 114|0x0000000713200000, 0x0000000713400000, 0x0000000713400000|100%| S|CS|TAMS 0x0000000713200000| PB 0x0000000713200000| Complete 
| 115|0x0000000713400000, 0x0000000713400000, 0x0000000713600000|  0%| F|  |TAMS 0x0000000713400000| PB 0x0000000713400000| Untracked 
| 116|0x0000000713600000, 0x0000000713600000, 0x0000000713800000|  0%| F|  |TAMS 0x0000000713600000| PB 0x0000000713600000| Untracked 
| 117|0x0000000713800000, 0x0000000713800000, 0x0000000713a00000|  0%| F|  |TAMS 0x0000000713800000| PB 0x0000000713800000| Untracked 
| 118|0x0000000713a00000, 0x0000000713a00000, 0x0000000713c00000|  0%| F|  |TAMS 0x0000000713a00000| PB 0x0000000713a00000| Untracked 
| 119|0x0000000713c00000, 0x0000000713c00000, 0x0000000713e00000|  0%| F|  |TAMS 0x0000000713c00000| PB 0x0000000713c00000| Untracked 
| 120|0x0000000713e00000, 0x0000000713e00000, 0x0000000714000000|  0%| F|  |TAMS 0x0000000713e00000| PB 0x0000000713e00000| Untracked 
| 121|0x0000000714000000, 0x0000000714000000, 0x0000000714200000|  0%| F|  |TAMS 0x0000000714000000| PB 0x0000000714000000| Untracked 
| 122|0x0000000714200000, 0x0000000714200000, 0x0000000714400000|  0%| F|  |TAMS 0x0000000714200000| PB 0x0000000714200000| Untracked 
| 123|0x0000000714400000, 0x0000000714400000, 0x0000000714600000|  0%| F|  |TAMS 0x0000000714400000| PB 0x0000000714400000| Untracked 
| 124|0x0000000714600000, 0x00000007147ed308, 0x0000000714800000| 96%| E|  |TAMS 0x0000000714600000| PB 0x0000000714600000| Complete 
| 125|0x0000000714800000, 0x0000000714a00000, 0x0000000714a00000|100%| E|CS|TAMS 0x0000000714800000| PB 0x0000000714800000| Complete 

Card table byte_map: [0x000000001bf30000,0x000000001c710000] _byte_map_base: 0x0000000018709000

Marking Bits: (CMBitMap*) 0x0000000002d80180
 Bits: [0x000000001c710000, 0x00000000205d8000)

Polling page: 0x0000000000570000

Metaspace:

Usage:
  Non-class:      5.25 MB used.
      Class:    626.80 KB used.
       Both:      5.87 MB used.

Virtual space:
  Non-class space:       64.00 MB reserved,       5.31 MB (  8%) committed,  1 nodes.
      Class space:        1.00 GB reserved,     704.00 KB ( <1%) committed,  1 nodes.
             Both:        1.06 GB reserved,       6.00 MB ( <1%) committed. 

Chunk freelists:
   Non-Class:  8.36 MB
       Class:  15.23 MB
        Both:  23.59 MB

MaxMetaspaceSize: unlimited
CompressedClassSpaceSize: 1.00 GB
Initial GC threshold: 21.00 MB
Current GC threshold: 21.00 MB
CDS: on
 - commit_granule_bytes: 65536.
 - commit_granule_words: 8192.
 - virtual_space_node_default_size: 8388608.
 - enlarge_chunks_in_place: 1.
 - use_allocation_guard: 0.


Internal statistics:

num_allocs_failed_limit: 0.
num_arena_births: 66.
num_arena_deaths: 0.
num_vsnodes_births: 2.
num_vsnodes_deaths: 0.
num_space_committed: 97.
num_space_uncommitted: 0.
num_chunks_returned_to_freelist: 0.
num_chunks_taken_from_freelist: 236.
num_chunk_merges: 0.
num_chunk_splits: 175.
num_chunks_enlarged: 152.
num_inconsistent_stats: 0.

CodeHeap 'non-profiled nmethods': size=118848Kb used=356Kb max_used=356Kb free=118491Kb
 bounds [0x0000000013010000, 0x0000000013280000, 0x000000001a420000]
CodeHeap 'profiled nmethods': size=118848Kb used=2076Kb max_used=2076Kb free=116771Kb
 bounds [0x000000000b420000, 0x000000000b690000, 0x0000000012830000]
CodeHeap 'non-nmethods': size=8064Kb used=1419Kb max_used=3683Kb free=6644Kb
 bounds [0x0000000012830000, 0x0000000012bd0000, 0x0000000013010000]
CodeCache: size=245760Kb, used=3851Kb, max_used=6115Kb, free=241906Kb
 total_blobs=1611, nmethods=1138, adapters=378, full_count=0
Compilation: enabled, stopped_count=0, restarted_count=0

Compilation events (20 events):
Event: 0.453 Thread 0x00000000249626e0 1114       3       java.lang.invoke.DirectMethodHandle$Constructor::<init> (44 bytes)
Event: 0.453 Thread 0x000000002480bc50 nmethod 1113 0x000000000b61d390 code [0x000000000b61d520, 0x000000000b61d688]
Event: 0.453 Thread 0x00000000249626e0 nmethod 1114 0x000000000b61d710 code [0x000000000b61d8c0, 0x000000000b61daf0]
Event: 0.453 Thread 0x00000000247fe600 nmethod 1091 0x0000000013062110 code [0x00000000130622a0, 0x00000000130623d8]
Event: 0.453 Thread 0x00000000247fe600 1115       4       java.util.HashMap::put (13 bytes)
Event: 0.453 Thread 0x0000000024964da0 nmethod 1111 0x000000000b61db90 code [0x000000000b61dea0, 0x000000000b61f188]
Event: 0.454 Thread 0x00000000247fe600 nmethod 1115 0x0000000013062490 code [0x0000000013062620, 0x0000000013062778]
Event: 0.454 Thread 0x00000000247fe600 1116 %     4       sun.net.www.ParseUtil::firstEncodeIndex @ 7 (86 bytes)
Event: 0.454 Thread 0x00000000249a4e70 nmethod 1067 0x0000000013062890 code [0x0000000013062a40, 0x0000000013062d98]
Event: 0.456 Thread 0x00000000247fe600 nmethod 1116% 0x0000000013063010 code [0x00000000130631e0, 0x00000000130634e0]
Event: 0.460 Thread 0x000000002480bc50 1117       3       jdk.internal.loader.BuiltinClassLoader::isSealed (71 bytes)
Event: 0.461 Thread 0x000000002480bc50 nmethod 1117 0x000000000b61f810 code [0x000000000b61fc80, 0x000000000b621928]
Event: 0.465 Thread 0x00000000249626e0 1119       1       java.util.zip.ZipEntry::getName (5 bytes)
Event: 0.465 Thread 0x00000000249626e0 nmethod 1119 0x0000000013063b90 code [0x0000000013063d20, 0x0000000013063df0]
Event: 0.467 Thread 0x00000000247fe600 1120       4       java.util.HashMap::getNode (150 bytes)
Event: 0.469 Thread 0x000000002480bc50 1121       3       java.lang.CharacterData::of (136 bytes)
Event: 0.469 Thread 0x00000000248c4200 1122       3       java.lang.CharacterDataLatin1::getProperties (11 bytes)
Event: 0.469 Thread 0x00000000248c4200 nmethod 1122 0x000000000b622490 code [0x000000000b622640, 0x000000000b622788]
Event: 0.470 Thread 0x000000002480bc50 nmethod 1121 0x000000000b622890 code [0x000000000b622ae0, 0x000000000b623370]
Event: 0.470 Thread 0x00000000247fe600 nmethod 1120 0x0000000013063e90 code [0x0000000013064060, 0x00000000130643e0]

GC Heap History (2 events):
Event: 0.461 GC heap before
{Heap before GC invocations=0 (full 0):
 garbage-first heap   total 258048K, used 24576K [0x0000000704e00000, 0x0000000800000000)
  region size 2048K, 11 young (22528K), 0 survivors (0K)
 Metaspace       used 4854K, committed 5056K, reserved 1114112K
  class space    used 489K, committed 576K, reserved 1048576K
}
Event: 0.464 GC heap after
{Heap after GC invocations=1 (full 0):
 garbage-first heap   total 258048K, used 8778K [0x0000000704e00000, 0x0000000800000000)
  region size 2048K, 2 young (4096K), 2 survivors (4096K)
 Metaspace       used 4854K, committed 5056K, reserved 1114112K
  class space    used 489K, committed 576K, reserved 1048576K
}

Dll operation events (11 events):
Event: 0.012 Loaded shared library E:\JAVA\temurin-21.0.10\bin\java.dll
Event: 0.037 Loaded shared library E:\JAVA\temurin-21.0.10\bin\jsvml.dll
Event: 0.127 Loaded shared library E:\JAVA\temurin-21.0.10\bin\zip.dll
Event: 0.130 Loaded shared library E:\JAVA\temurin-21.0.10\bin\instrument.dll
Event: 0.135 Loaded shared library E:\JAVA\temurin-21.0.10\bin\net.dll
Event: 0.137 Loaded shared library E:\JAVA\temurin-21.0.10\bin\nio.dll
Event: 0.141 Loaded shared library E:\JAVA\temurin-21.0.10\bin\zip.dll
Event: 0.237 Loaded shared library E:\JAVA\IntelliJ IDEA 2022.1.4\bin\breakgen64.dll
Event: 0.245 Loaded shared library E:\JAVA\temurin-21.0.10\bin\extnet.dll
Event: 0.265 Loaded shared library E:\JAVA\temurin-21.0.10\bin\verify.dll
Event: 0.269 Loaded shared library E:\JAVA\temurin-21.0.10\bin\jimage.dll

Deoptimization events (20 events):
Event: 0.363 Thread 0x00000000005bcf20 DEOPT PACKING pc=0x00000000130212fc sp=0x0000000000e5e6c0
Event: 0.363 Thread 0x00000000005bcf20 DEOPT UNPACKING pc=0x0000000012887ba2 sp=0x0000000000e5e650 mode 2
Event: 0.364 Thread 0x00000000005bcf20 Uncommon trap: trap_request=0xffffff45 fr.pc=0x0000000013046010 relative=0x00000000000000f0
Event: 0.364 Thread 0x00000000005bcf20 Uncommon trap: reason=unstable_if action=reinterpret pc=0x0000000013046010 method=java.lang.String.getBytes([BIB)V @ 5 c2
Event: 0.364 Thread 0x00000000005bcf20 DEOPT PACKING pc=0x0000000013046010 sp=0x0000000000e5dbd0
Event: 0.364 Thread 0x00000000005bcf20 DEOPT UNPACKING pc=0x0000000012887ba2 sp=0x0000000000e5db78 mode 2
Event: 0.438 Thread 0x00000000005bcf20 DEOPT PACKING pc=0x000000000b4a9877 sp=0x0000000000e5cf40
Event: 0.439 Thread 0x00000000005bcf20 DEOPT UNPACKING pc=0x00000000128886e2 sp=0x0000000000e5c3b0 mode 0
Event: 0.441 Thread 0x00000000005bcf20 Uncommon trap: trap_request=0xffffff45 fr.pc=0x00000000130404f4 relative=0x00000000000004f4
Event: 0.441 Thread 0x00000000005bcf20 Uncommon trap: reason=unstable_if action=reinterpret pc=0x00000000130404f4 method=java.util.regex.Matcher.search(I)Z @ 30 c2
Event: 0.441 Thread 0x00000000005bcf20 DEOPT PACKING pc=0x00000000130404f4 sp=0x0000000000e5d5a0
Event: 0.441 Thread 0x00000000005bcf20 DEOPT UNPACKING pc=0x0000000012887ba2 sp=0x0000000000e5d590 mode 2
Event: 0.452 Thread 0x00000000005bcf20 Uncommon trap: trap_request=0xffffff45 fr.pc=0x000000001302a780 relative=0x00000000000004a0
Event: 0.452 Thread 0x00000000005bcf20 Uncommon trap: reason=unstable_if action=reinterpret pc=0x000000001302a780 method=java.lang.StringLatin1.canEncode(C)Z @ 4 c2
Event: 0.452 Thread 0x00000000005bcf20 DEOPT PACKING pc=0x000000001302a780 sp=0x0000000000e5dc60
Event: 0.452 Thread 0x00000000005bcf20 DEOPT UNPACKING pc=0x0000000012887ba2 sp=0x0000000000e5db90 mode 2
Event: 0.452 Thread 0x00000000005bcf20 Uncommon trap: trap_request=0xffffff45 fr.pc=0x000000001302e160 relative=0x0000000000000480
Event: 0.452 Thread 0x00000000005bcf20 Uncommon trap: reason=unstable_if action=reinterpret pc=0x000000001302e160 method=java.lang.AbstractStringBuilder.isLatin1()Z @ 10 c2
Event: 0.453 Thread 0x00000000005bcf20 DEOPT PACKING pc=0x000000001302e160 sp=0x0000000000e5dc70
Event: 0.453 Thread 0x00000000005bcf20 DEOPT UNPACKING pc=0x0000000012887ba2 sp=0x0000000000e5dc00 mode 2

Classes loaded (20 events):
Event: 0.430 Loading class java/util/concurrent/atomic/AtomicLongArray
Event: 0.430 Loading class java/util/concurrent/atomic/AtomicLongArray done
Event: 0.430 Loading class java/lang/invoke/VarHandleLongs$Array
Event: 0.431 Loading class java/lang/invoke/VarHandleLongs$Array done
Event: 0.431 Loading class java/util/concurrent/atomic/AtomicReferenceArray
Event: 0.431 Loading class java/util/concurrent/atomic/AtomicReferenceArray done
Event: 0.431 Loading class java/lang/invoke/VarHandleReferences$Array
Event: 0.431 Loading class java/lang/invoke/VarHandleReferences$Array done
Event: 0.440 Loading class java/text/ParseException
Event: 0.440 Loading class java/text/ParseException done
Event: 0.441 Loading class sun/util/calendar/ZoneInfoFile$Checksum
Event: 0.441 Loading class sun/util/calendar/ZoneInfoFile$Checksum done
Event: 0.451 Loading class sun/text/resources/cldr/FormatData_en
Event: 0.452 Loading class sun/text/resources/cldr/FormatData_en done
Event: 0.452 Loading class sun/text/resources/cldr/FormatData_en_US
Event: 0.452 Loading class sun/text/resources/cldr/FormatData_en_US done
Event: 0.460 Loading class java/io/StringReader
Event: 0.460 Loading class java/io/StringReader done
Event: 0.460 Loading class java/io/CharArrayReader
Event: 0.460 Loading class java/io/CharArrayReader done

Classes unloaded (0 events):
No events

Classes redefined (0 events):
No events

Internal exceptions (18 events):
Event: 0.230 Thread 0x00000000005bcf20 Exception <a 'java/lang/NoSuchMethodError'{0x00000007143f5a90}: 'void java.lang.invoke.DirectMethodHandle$Holder.invokeStatic(java.lang.Object, java.lang.Object, java.lang.Object)'> (0x00000007143f5a90) 
thrown [s\src\hotspot\share\interpreter\linkResolver.cpp, line 773]
Event: 0.232 Thread 0x00000000005bcf20 Exception <a 'java/lang/NoSuchMethodError'{0x000000071400d8f0}: 'java.lang.Object java.lang.invoke.Invokers$Holder.invokeExact_MT(java.lang.Object, java.lang.Object, java.lang.Object, java.lang.Object, java.lang.Object)'> (0x000000071400d8f0) 
thrown [s\src\hotspot\share\interpreter\linkResolver.cpp, line 773]
Event: 0.245 Thread 0x0000000024ab3fd0 Exception <a 'java/lang/NoSuchMethodError'{0x00000007140ea838}: 'void java.lang.invoke.DirectMethodHandle$Holder.invokeStatic(java.lang.Object, java.lang.Object)'> (0x00000007140ea838) 
thrown [s\src\hotspot\share\interpreter\linkResolver.cpp, line 773]
Event: 0.271 Thread 0x00000000005bcf20 Exception <a 'java/lang/NoClassDefFoundError'{0x0000000713e4f3e8}: org/slf4j/impl/StaticLoggerBinder> (0x0000000713e4f3e8) 
thrown [s\src\hotspot\share\classfile\systemDictionary.cpp, line 301]
Event: 0.280 Thread 0x00000000005bcf20 Exception <a 'java/lang/NoSuchMethodError'{0x0000000713eb3888}: 'void java.lang.invoke.DirectMethodHandle$Holder.invokeInterface(java.lang.Object, java.lang.Object, java.lang.Object)'> (0x0000000713eb3888) 
thrown [s\src\hotspot\share\interpreter\linkResolver.cpp, line 773]
Event: 0.290 Thread 0x00000000005bcf20 Exception <a 'java/lang/NoSuchMethodError'{0x0000000713f1e858}: 'int java.lang.invoke.DirectMethodHandle$Holder.invokeSpecial(java.lang.Object, java.lang.Object, int)'> (0x0000000713f1e858) 
thrown [s\src\hotspot\share\interpreter\linkResolver.cpp, line 773]
Event: 0.293 Thread 0x00000000005bcf20 Exception <a 'java/lang/NoSuchMethodError'{0x0000000713f29278}: 'java.lang.Object java.lang.invoke.DirectMethodHandle$Holder.invokeInterface(java.lang.Object, java.lang.Object, int)'> (0x0000000713f29278) 
thrown [s\src\hotspot\share\interpreter\linkResolver.cpp, line 773]
Event: 0.299 Thread 0x00000000005bcf20 Exception <a 'java/lang/NoSuchMethodError'{0x0000000713f8f100}: 'long java.lang.invoke.DirectMethodHandle$Holder.invokeSpecial(java.lang.Object, java.lang.Object)'> (0x0000000713f8f100) 
thrown [s\src\hotspot\share\interpreter\linkResolver.cpp, line 773]
Event: 0.346 Thread 0x00000000005bcf20 Exception <a 'java/lang/NoSuchMethodError'{0x0000000713dacba8}: 'void java.lang.invoke.DirectMethodHandle$Holder.invokeSpecial(java.lang.Object, java.lang.Object, java.lang.Object)'> (0x0000000713dacba8) 
thrown [s\src\hotspot\share\interpreter\linkResolver.cpp, line 773]
Event: 0.348 Thread 0x00000000005bcf20 Exception <a 'java/lang/NoSuchMethodError'{0x0000000713dc5570}: 'void java.lang.invoke.DirectMethodHandle$Holder.invokeVirtual(java.lang.Object, java.lang.Object, java.lang.Object, java.lang.Object)'> (0x0000000713dc5570) 
thrown [s\src\hotspot\share\interpreter\linkResolver.cpp, line 773]
Event: 0.352 Thread 0x00000000005bcf20 Exception <a 'java/lang/NoSuchMethodError'{0x0000000713df23e0}: 'void java.lang.invoke.DirectMethodHandle$Holder.invokeSpecial(java.lang.Object, java.lang.Object, int)'> (0x0000000713df23e0) 
thrown [s\src\hotspot\share\interpreter\linkResolver.cpp, line 773]
Event: 0.352 Thread 0x00000000005bcf20 Exception <a 'java/lang/NoSuchMethodError'{0x0000000713dfa778}: 'java.lang.Object java.lang.invoke.DirectMethodHandle$Holder.invokeVirtual(java.lang.Object, java.lang.Object, java.lang.Object)'> (0x0000000713dfa778) 
thrown [s\src\hotspot\share\interpreter\linkResolver.cpp, line 773]
Event: 0.353 Thread 0x00000000005bcf20 Exception <a 'java/lang/NoSuchMethodError'{0x0000000713a06e40}: 'java.lang.Object java.lang.invoke.DirectMethodHandle$Holder.invokeStatic(java.lang.Object, java.lang.Object, int, java.lang.Object)'> (0x0000000713a06e40) 
thrown [s\src\hotspot\share\interpreter\linkResolver.cpp, line 773]
Event: 0.353 Thread 0x00000000005bcf20 Exception <a 'java/lang/NoSuchMethodError'{0x0000000713a0d2a0}: 'java.lang.Object java.lang.invoke.DirectMethodHandle$Holder.newInvokeSpecial(java.lang.Object, java.lang.Object, int)'> (0x0000000713a0d2a0) 
thrown [s\src\hotspot\share\interpreter\linkResolver.cpp, line 773]
Event: 0.356 Thread 0x00000000005bcf20 Exception <a 'java/lang/NoSuchMethodError'{0x0000000713a44110}: 'java.lang.Object java.lang.invoke.DirectMethodHandle$Holder.invokeVirtual(java.lang.Object, java.lang.Object, long)'> (0x0000000713a44110) 
thrown [s\src\hotspot\share\interpreter\linkResolver.cpp, line 773]
Event: 0.357 Thread 0x00000000005bcf20 Exception <a 'java/lang/NoSuchMethodError'{0x0000000713a4f0c8}: 'void java.lang.invoke.DirectMethodHandle$Holder.invokeVirtual(java.lang.Object, java.lang.Object, int)'> (0x0000000713a4f0c8) 
thrown [s\src\hotspot\share\interpreter\linkResolver.cpp, line 773]
Event: 0.358 Thread 0x00000000005bcf20 Exception <a 'java/lang/NoSuchMethodError'{0x0000000713a5bae0}: 'java.lang.Object java.lang.invoke.DirectMethodHandle$Holder.invokeVirtual(java.lang.Object, java.lang.Object, int)'> (0x0000000713a5bae0) 
thrown [s\src\hotspot\share\interpreter\linkResolver.cpp, line 773]
Event: 0.376 Thread 0x00000000005bcf20 Exception <a 'java/lang/NoSuchMethodError'{0x0000000713b5d220}: 'void java.lang.invoke.DirectMethodHandle$Holder.invokeVirtual(java.lang.Object, java.lang.Object, long)'> (0x0000000713b5d220) 
thrown [s\src\hotspot\share\interpreter\linkResolver.cpp, line 773]

ZGC Phase Switch (0 events):
No events

VM Operations (10 events):
Event: 0.119 Executing non-safepoint VM operation: HandshakeAllThreads (Deoptimize)
Event: 0.119 Executing non-safepoint VM operation: HandshakeAllThreads (Deoptimize) done
Event: 0.340 Executing non-safepoint VM operation: HandshakeAllThreads (Deoptimize)
Event: 0.340 Executing non-safepoint VM operation: HandshakeAllThreads (Deoptimize) done
Event: 0.428 Executing non-safepoint VM operation: HandshakeAllThreads (Deoptimize)
Event: 0.428 Executing non-safepoint VM operation: HandshakeAllThreads (Deoptimize) done
Event: 0.441 Executing non-safepoint VM operation: HandshakeAllThreads (Deoptimize)
Event: 0.441 Executing non-safepoint VM operation: HandshakeAllThreads (Deoptimize) done
Event: 0.461 Executing safepoint VM operation: G1CollectForAllocation (G1 Evacuation Pause)
Event: 0.464 Executing safepoint VM operation: G1CollectForAllocation (G1 Evacuation Pause) done

Memory protections (0 events):
No events

Nmethod flushes (0 events):
No events

Events (17 events):
Event: 0.020 Thread 0x00000000005bcf20 Thread added: 0x00000000005bcf20
Event: 0.036 Thread 0x00000000005bcf20 Thread added: 0x00000000247ec1b0
Event: 0.036 Thread 0x00000000005bcf20 Thread added: 0x00000000247ecf00
Event: 0.036 Thread 0x00000000005bcf20 Thread added: 0x00000000247f55f0
Event: 0.036 Thread 0x00000000005bcf20 Thread added: 0x00000000247f6ae0
Event: 0.036 Thread 0x00000000005bcf20 Thread added: 0x00000000247f9b50
Event: 0.036 Thread 0x00000000005bcf20 Thread added: 0x00000000247fba00
Event: 0.036 Thread 0x00000000005bcf20 Thread added: 0x00000000247fe600
Event: 0.036 Thread 0x00000000005bcf20 Thread added: 0x000000002480bc50
Event: 0.039 Thread 0x000000002480bc50 Thread added: 0x00000000248c4200
Event: 0.120 Thread 0x000000002480bc50 Thread added: 0x00000000249626e0
Event: 0.120 Thread 0x00000000248c4200 Thread added: 0x0000000024964da0
Event: 0.124 Thread 0x0000000024964da0 Thread added: 0x00000000249a4e70
Event: 0.133 Thread 0x00000000005bcf20 Thread added: 0x0000000024b048a0
Event: 0.237 Thread 0x00000000005bcf20 Thread added: 0x0000000024ab3fd0
Event: 0.237 Thread 0x00000000005bcf20 Thread added: 0x0000000024bbe640
Event: 0.434 Thread 0x000000002480bc50 Thread added: 0x000000006b4c6d60


Dynamic libraries:
0x00007ff6e1910000 - 0x00007ff6e191e000 	E:\JAVA\temurin-21.0.10\bin\java.exe
0x00007ffc6cae0000 - 0x00007ffc6cd47000 	C:\WINDOWS\SYSTEM32\ntdll.dll
0x00007ffc6b760000 - 0x00007ffc6b829000 	C:\WINDOWS\System32\KERNEL32.DLL
0x00007ffc6a470000 - 0x00007ffc6a864000 	C:\WINDOWS\System32\KERNELBASE.dll
0x00007ffc69fa0000 - 0x00007ffc6a0eb000 	C:\WINDOWS\System32\ucrtbase.dll
0x00007ffb7fd20000 - 0x00007ffb7fd3e000 	E:\JAVA\temurin-21.0.10\bin\VCRUNTIME140.dll
0x00007ffb80710000 - 0x00007ffb80728000 	E:\JAVA\temurin-21.0.10\bin\jli.dll
0x00007ffc6c8d0000 - 0x00007ffc6ca95000 	C:\WINDOWS\System32\USER32.dll
0x00007ffc6a220000 - 0x00007ffc6a247000 	C:\WINDOWS\System32\win32u.dll
0x00007ffc6aa80000 - 0x00007ffc6aaab000 	C:\WINDOWS\System32\GDI32.dll
0x00007ffc6a0f0000 - 0x00007ffc6a21b000 	C:\WINDOWS\System32\gdi32full.dll
0x00007ffc6a250000 - 0x00007ffc6a2f3000 	C:\WINDOWS\System32\msvcp_win.dll
0x00007ffc50f40000 - 0x00007ffc511d3000 	C:\WINDOWS\WinSxS\amd64_microsoft.windows.common-controls_6595b64144ccf1df_6.0.26100.8115_none_3e075c82e3354f9c\COMCTL32.dll
0x00007ffc6b3e0000 - 0x00007ffc6b489000 	C:\WINDOWS\System32\msvcrt.dll
0x00007ffc6b2d0000 - 0x00007ffc6b302000 	C:\WINDOWS\System32\IMM32.DLL
0x00007ffc64b20000 - 0x00007ffc64b2c000 	E:\JAVA\temurin-21.0.10\bin\vcruntime140_1.dll
0x00007ffb7c280000 - 0x00007ffb7c30d000 	E:\JAVA\temurin-21.0.10\bin\msvcp140.dll
0x00007ffb7b4d0000 - 0x00007ffb7c271000 	E:\JAVA\temurin-21.0.10\bin\server\jvm.dll
0x00007ffc6c0a0000 - 0x00007ffc6c156000 	C:\WINDOWS\System32\ADVAPI32.dll
0x00007ffc6b510000 - 0x00007ffc6b5b7000 	C:\WINDOWS\System32\sechost.dll
0x00007ffc6be70000 - 0x00007ffc6bf88000 	C:\WINDOWS\System32\RPCRT4.dll
0x00007ffc6ba40000 - 0x00007ffc6bac0000 	C:\WINDOWS\System32\WS2_32.dll
0x00007ffc69210000 - 0x00007ffc6926e000 	C:\WINDOWS\SYSTEM32\POWRPROF.dll
0x00007ffc5cfb0000 - 0x00007ffc5cfe6000 	C:\WINDOWS\SYSTEM32\WINMM.dll
0x00007ffc62aa0000 - 0x00007ffc62aab000 	C:\WINDOWS\SYSTEM32\VERSION.dll
0x00007ffc691f0000 - 0x00007ffc69204000 	C:\WINDOWS\SYSTEM32\UMPDC.dll
0x00007ffc68140000 - 0x00007ffc6815b000 	C:\WINDOWS\SYSTEM32\kernel.appcore.dll
0x00007ffbe7d70000 - 0x00007ffbe7d7a000 	E:\JAVA\temurin-21.0.10\bin\jimage.dll
0x00007ffc66f20000 - 0x00007ffc67162000 	C:\WINDOWS\SYSTEM32\DBGHELP.DLL
0x00007ffc6af40000 - 0x00007ffc6b2c2000 	C:\WINDOWS\System32\combase.dll
0x00007ffc6a8b0000 - 0x00007ffc6a988000 	C:\WINDOWS\System32\OLEAUT32.dll
0x00007ffc4d7b0000 - 0x00007ffc4d7eb000 	C:\WINDOWS\SYSTEM32\dbgcore.DLL
0x00007ffc6a300000 - 0x00007ffc6a3a5000 	C:\WINDOWS\System32\bcryptPrimitives.dll
0x00007ffc61f50000 - 0x00007ffc61f5f000 	E:\JAVA\temurin-21.0.10\bin\instrument.dll
0x00007ffb7f7c0000 - 0x00007ffb7f7e0000 	E:\JAVA\temurin-21.0.10\bin\java.dll
0x00007ffc6c160000 - 0x00007ffc6c8c7000 	C:\WINDOWS\System32\SHELL32.dll
0x00007ffc69c20000 - 0x00007ffc69d8a000 	C:\WINDOWS\System32\wintypes.dll
0x00007ffc693b0000 - 0x00007ffc69c18000 	C:\WINDOWS\System32\windows.storage.dll
0x00007ffc6bd70000 - 0x00007ffc6be68000 	C:\WINDOWS\System32\SHCORE.dll
0x00007ffc6bad0000 - 0x00007ffc6bb36000 	C:\WINDOWS\System32\shlwapi.dll
0x00007ffc692d0000 - 0x00007ffc692f9000 	C:\WINDOWS\SYSTEM32\profapi.dll
0x00007ffb7b3f0000 - 0x00007ffb7b4c7000 	E:\JAVA\temurin-21.0.10\bin\jsvml.dll
0x00007ffb7f5e0000 - 0x00007ffb7f5f8000 	E:\JAVA\temurin-21.0.10\bin\zip.dll
0x00007ffb7f7b0000 - 0x00007ffb7f7c0000 	E:\JAVA\temurin-21.0.10\bin\net.dll
0x00007ffc619e0000 - 0x00007ffc61b0d000 	C:\WINDOWS\SYSTEM32\WINHTTP.dll
0x00007ffc686b0000 - 0x00007ffc6871c000 	C:\WINDOWS\system32\mswsock.dll
0x00007ffb7f790000 - 0x00007ffb7f7a6000 	E:\JAVA\temurin-21.0.10\bin\nio.dll
0x00007ffc61bb0000 - 0x00007ffc61bca000 	E:\JAVA\IntelliJ IDEA 2022.1.4\bin\breakgen64.dll
0x00007ffb7f5d0000 - 0x00007ffb7f5d9000 	E:\JAVA\temurin-21.0.10\bin\extnet.dll
0x00007ffb7b3e0000 - 0x00007ffb7b3f0000 	E:\JAVA\temurin-21.0.10\bin\verify.dll

JVMTI agents:
E:\JAVA\IntelliJ IDEA 2022.1.4\lib\idea_rt.jar path:E:\JAVA\temurin-21.0.10\bin\instrument.dll, loaded, initialized, instrumentlib options:4201:E:\JAVA\IntelliJ IDEA 2022.1.4\bin

dbghelp: loaded successfully - version: 4.0.5 - missing functions: none
symbol engine: initialized successfully - sym options: 0x614 - pdb path: .;E:\JAVA\temurin-21.0.10\bin;C:\WINDOWS\SYSTEM32;C:\WINDOWS\WinSxS\amd64_microsoft.windows.common-controls_6595b64144ccf1df_6.0.26100.8115_none_3e075c82e3354f9c;E:\JAVA\temurin-21.0.10\bin\server;E:\JAVA\IntelliJ IDEA 2022.1.4\bin

VM Arguments:
jvm_args: -javaagent:E:\JAVA\IntelliJ IDEA 2022.1.4\lib\idea_rt.jar=4201:E:\JAVA\IntelliJ IDEA 2022.1.4\bin -Dfile.encoding=UTF-8 
java_command: com.bus.StreamingJob
java_class_path (initial): E:\Java Project\flink-job\target\classes;C:\Users\Lin\.m2\repository\org\apache\flink\flink-streaming-java\1.19.0\flink-streaming-java-1.19.0.jar;C:\Users\Lin\.m2\repository\org\apache\flink\flink-core\1.19.0\flink-core-1.19.0.jar;C:\Users\Lin\.m2\repository\org\apache\flink\flink-annotations\1.19.0\flink-annotations-1.19.0.jar;C:\Users\Lin\.m2\repository\org\apache\flink\flink-metrics-core\1.19.0\flink-metrics-core-1.19.0.jar;C:\Users\Lin\.m2\repository\org\apache\flink\flink-shaded-asm-9\9.5-17.0\flink-shaded-asm-9-9.5-17.0.jar;C:\Users\Lin\.m2\repository\org\apache\flink\flink-shaded-jackson\2.14.2-17.0\flink-shaded-jackson-2.14.2-17.0.jar;C:\Users\Lin\.m2\repository\org\apache\commons\commons-lang3\3.12.0\commons-lang3-3.12.0.jar;C:\Users\Lin\.m2\repository\org\snakeyaml\snakeyaml-engine\2.6\snakeyaml-engine-2.6.jar;C:\Users\Lin\.m2\repository\org\apache\commons\commons-text\1.10.0\commons-text-1.10.0.jar;C:\Users\Lin\.m2\repository\com\esotericsoftware\kryo\kryo\2.24.0\kryo-2.24.0.jar;C:\Users\Lin\.m2\repository\com\esotericsoftware\minlog\minlog\1.2\minlog-1.2.jar;C:\Users\Lin\.m2\repository\org\objenesis\objenesis\2.1\objenesis-2.1.jar;C:\Users\Lin\.m2\repository\commons-collections\commons-collections\3.2.2\commons-collections-3.2.2.jar;C:\Users\Lin\.m2\repository\org\apache\commons\commons-compress\1.24.0\commons-compress-1.24.0.jar;C:\Users\Lin\.m2\repository\org\apache\flink\flink-file-sink-common\1.19.0\flink-file-sink-common-1.19.0.jar;C:\Users\Lin\.m2\repository\org\apache\flink\flink-runtime\1.19.0\flink-runtime-1.19.0.jar;C:\Users\Lin\.m2\repository\org\apache\flink\flink-rpc-core\1.19.0\flink-rpc-core-1.19.0.jar;C:\Users\Lin\.m2\repository\org\apache\flink\flink-rpc-akka-loader\1.19.0\flink-rpc-akka-loader-1.19.0.jar;C:\Users\Lin\.m2\repository\org\apache\flink\flink-queryable-state-client-java\1.19.0\flink-queryable-state-client-java-1.19.0.jar;C:\Users\Lin\.m2\repository\org\apache\flink\flink-hadoop-fs\1.19.0\flink-hadoop-fs-1.19.0.jar;C:\Users\Lin\.m2\repository\commons-io\commons-io\2.11.0\commons-io-2.11.0.jar;C:\Users\Lin\.m2\repository\org\apache\flink\flink-shaded-netty\4.1.91.Final-17.0\flink-shaded-netty-4.1.91.Final-17.0.jar;C:\Users\Lin\.m2\repository\org\apache\flink\flink-shaded-zookeeper-3\3.7.1-17.0\flink-shaded-zookeeper-3-3.7.1-17.0.jar;C:\Users\Lin\.m2\repository\org\javassist\javassist\3.24.0-GA\javassist-3.24.0-GA.jar;C:\Users\Lin\.m2\repository\org\xerial\snappy\snappy-java\1.1.10.4\snappy-java-1.1.10.4.jar;C:\Users\Lin\.m2\repository\tools\profiler\async-profiler\2.9\async-profiler-2.9.jar;C:\Users\Lin\.m2\repository\org\lz4\lz4-java\1.8.0\lz4-java-1.8.0.jar;C:\Users\Lin\.m2\repository\org\apache\flink\flink-java\1.19.0\flink-java-1.19.0.jar;C:\Users\Lin\.m2\repository\com\twitter\chill-java\0.7.6\chill-java-0.7.6.jar;C:\Users\Lin\.m2\repository\org\apache\flink\flink-shaded-guava\31.1-jre-17.0\flink-shaded-guava-31.1-jre-17.0.jar;C:\Users\Lin\.m2\repository\org\apache\commons\commons-math3\3.6.1\commons-math3-3.6.1.jar;C:\Users\Lin\.m2\repository\org\apache\flink\flink-connector-datagen\1.19.0\flink-connector-datagen-1.19.0.jar;C:\Users\Lin\.m2\repository\org\slf4j\slf4j-api\1.7.36\slf4j-api-1.7.36.jar;C:\Users\Lin\.m2\repository\com\google\code\findbugs\jsr305\1.3.9\jsr305-1.3.9.jar;C:\Users\Lin\.m2\repository\org\apache\flink\flink-clients\1.19.0\flink-clients-1.19.0.jar;C:\Users\Lin\.m2\repository\org\apache\flink\flink-optimizer\1.19.0\flink-optimizer-1.19.0.jar;C:\Users\Lin\.m2\repository\commons-cli\commons-cli\1.5.0\commons-cli-1.5.0.jar;C:\Users\Lin\.m2\repository\org\apache\flink\flink-connector-kafka\3.2.0-1.19\flink-connector-kafka-3.2.0-1.19.jar;C:\Users\Lin\.m2\repository\org\apache\kafka\kafka-clients\3.4.0\kafka-clients-3.4.0.jar;C:\Users\Lin\.m2\repository\com\github\luben\zstd-jni\1.5.2-1\zstd-jni-1.5.2-1.jar;C:\Users\Lin\.m2\repository\com\google\guava\guava\32.1.2-jre\guava-32.1.2-jre.jar;C:\Users\Lin\.m2\repository\com\google\guava\failureaccess\1.0.1\failureaccess-1.0.1.jar;C:\Users\Lin\.m2\repository\com\google\guava\listenablefuture\9999.0-empty-to-avoid-conflict-with-guava\listenablefuture-9999.0-empty-to-avoid-conflict-with-guava.jar;C:\Users\Lin\.m2\repository\org\checkerframework\checker-qual\3.33.0\checker-qual-3.33.0.jar;C:\Users\Lin\.m2\repository\com\google\errorprone\error_prone_annotations\2.18.0\error_prone_annotations-2.18.0.jar;C:\Users\Lin\.m2\repository\com\google\j2objc\j2objc-annotations\2.8\j2objc-annotations-2.8.jar;C:\Users\Lin\.m2\repository\com\fasterxml\jackson\core\jackson-core\2.15.2\jackson-core-2.15.2.jar;C:\Users\Lin\.m2\repository\com\fasterxml\jackson\datatype\jackson-datatype-jsr310\2.15.2\jackson-datatype-jsr310-2.15.2.jar;C:\Users\Lin\.m2\repository\com\fasterxml\jackson\datatype\jackson-datatype-jdk8\2.15.2\jackson-datatype-jdk8-2.15.2.jar;C:\Users\Lin\.m2\repository\org\apache\flink\flink-connector-base\1.19.0\flink-connector-base-1.19.0.jar;C:\Users\Lin\.m2\repository\redis\clients\jedis\4.3.1\jedis-4.3.1.jar;C:\Users\Lin\.m2\repository\org\apache\commons\commons-pool2\2.11.1\commons-pool2-2.11.1.jar;C:\Users\Lin\.m2\repository\com\google\code\gson\gson\2.8.9\gson-2.8.9.jar;C:\Users\Lin\.m2\repository\com\fasterxml\jackson\core\jackson-databind\2.15.2\jackson-databind-2.15.2.jar;C:\Users\Lin\.m2\repository\com\fasterxml\jackson\core\jackson-annotations\2.15.2\jackson-annotations-2.15.2.jar;C:\Users\Lin\.m2\repository\org\apache\flink\flink-connector-jdbc\3.2.0-1.19\flink-connector-jdbc-3.2.0-1.19.jar;C:\Users\Lin\.m2\repository\com\mysql\mysql-connector-j\8.0.33\mysql-connector-j-8.0.33.jar;C:\Users\Lin\.m2\repository\com\google\protobuf\protobuf-java\3.21.9\protobuf-java-3.21.9.jar;C:\Users\Lin\.m2\repository\org\json\json\20220320\json-20220320.jar
Launcher Type: SUN_STANDARD

[Global flags]
     intx CICompilerCount                          = 15                                        {product} {ergonomic}
     uint ConcGCThreads                            = 6                                         {product} {ergonomic}
     uint G1ConcRefinementThreads                  = 23                                        {product} {ergonomic}
   size_t G1HeapRegionSize                         = 2097152                                   {product} {ergonomic}
    uintx GCDrainStackTargetSize                   = 64                                        {product} {ergonomic}
   size_t InitialHeapSize                          = 264241152                                 {product} {ergonomic}
   size_t MarkStackSize                            = 4194304                                   {product} {ergonomic}
   size_t MaxHeapSize                              = 4213178368                                {product} {ergonomic}
   size_t MaxNewSize                               = 2527068160                                {product} {ergonomic}
   size_t MinHeapDeltaBytes                        = 2097152                                   {product} {ergonomic}
   size_t MinHeapSize                              = 8388608                                   {product} {ergonomic}
    uintx NonNMethodCodeHeapSize                   = 8192380                                {pd product} {ergonomic}
    uintx NonProfiledCodeHeapSize                  = 121732930                              {pd product} {ergonomic}
    uintx ProfiledCodeHeapSize                     = 121732930                              {pd product} {ergonomic}
    uintx ReservedCodeCacheSize                    = 251658240                              {pd product} {ergonomic}
     bool SegmentedCodeCache                       = true                                      {product} {ergonomic}
   size_t SoftMaxHeapSize                          = 4213178368                             {manageable} {ergonomic}
     bool UseCompressedOops                        = true                           {product lp64_product} {ergonomic}
     bool UseG1GC                                  = true                                      {product} {ergonomic}
     bool UseLargePagesIndividualAllocation        = false                                  {pd product} {ergonomic}

Logging:
Log output configuration:
 #0: stdout all=warning uptime,level,tags foldmultilines=false
 #1: stderr all=off uptime,level,tags foldmultilines=false

Release file:
IMPLEMENTOR="Eclipse Adoptium" 
IMPLEMENTOR_VERSION="Temurin-21.0.10+7" 
JAVA_RUNTIME_VERSION="21.0.10+7-LTS" 
JAVA_VERSION="21.0.10" 
JAVA_VERSION_DATE="2026-01-20" 
LIBC="default" 
MODULES="java.base java.compiler java.datatransfer java.xml java.prefs java.desktop java.instrument java.logging java.management java.security.sasl java.naming java.rmi java.management.rmi java.net.http java.scripting java.security.jgss java.transaction.xa java.sql java.sql.rowset java.xml.crypto java.se java.smartcardio jdk.accessibility jdk.internal.jvmstat jdk.attach jdk.charsets jdk.internal.opt jdk.zipfs jdk.compiler jdk.crypto.ec jdk.crypto.cryptoki jdk.crypto.mscapi jdk.dynalink jdk.internal.ed jdk.editpad jdk.hotspot.agent jdk.httpserver jdk.incubator.vector jdk.internal.le jdk.internal.vm.ci jdk.internal.vm.compiler jdk.internal.vm.compiler.management jdk.jartool jdk.javadoc jdk.jcmd jdk.management jdk.management.agent jdk.jconsole jdk.jdeps jdk.jdwp.agent jdk.jdi jdk.jfr jdk.jlink jdk.jpackage jdk.jshell jdk.jsobject jdk.jstatd jdk.localedata jdk.management.jfr jdk.naming.dns jdk.naming.rmi jdk.net jdk.nio.mapmode jdk.random jdk.sctp jdk.security.auth jdk.security.jgss jdk.unsupported jdk.unsupported.desktop jdk.xml.dom" 
OS_ARCH="x86_64" 
OS_NAME="Windows" 
SOURCE=".:git:a633eafe0fcc" 
BUILD_SOURCE="git:458965074606f027bd5afce2cfd5c1055dea0438"
BUILD_SOURCE_REPO="https://github.com/adoptium/temurin-build.git"
SOURCE_REPO="https://github.com/adoptium/jdk21u.git"
FULL_VERSION="21.0.10+7-LTS"
SEMANTIC_VERSION="21.0.10+7"
BUILD_INFO="OS: Windows Server 2022 Version: 10.0"
JVM_VARIANT="Hotspot"
JVM_VERSION="21.0.10+7-LTS"
IMAGE_TYPE="JDK"

Environment Variables:
JAVA_HOME=E:\JAVA\jdk1.8.0
CLASSPATH=.;E:\JAVA\jdk1.8.0\lib\dt.jar;E:\JAVA\jdk1.8.0\lib\tools.jar;
PATH=C:\ProgramData\Oracle\Java\javapath;E:\Linux\bin\;C:\Windows\system32;C:\Windows;C:\Windows\System32\Wbem;C:\Windows\System32\WindowsPowerShell\v1.0\;C:\Windows\System32\OpenSSH\;E:\Bandizip\;C:\Program Files\dotnet\;E:\JAVA\jdk1.8.0/bin;E:\JAVA\jdk1.8.0/jre/bin;D:\Maven\apache-maven-3.9.8-bin\apache-maven-3.9.8\bin;C:\Program Files (x86)\NVIDIA Corporation\PhysX\Common;C:\Program Files\NVIDIA Corporation\NVIDIA App\NvDLISR;E:\Redis\;E:\MongoDB\Server\8.2\bin;E:\MongoDB\Tools\100\bin;C:\WINDOWS\system32;C:\WINDOWS;C:\WINDOWS\System32\Wbem;C:\WINDOWS\System32\WindowsPowerShell\v1.0\;C:\WINDOWS\System32\OpenSSH\;E:\Hadoop\hadoop-3.0.0\bin;E:\Hadoop\hadoop-3.0.0\sbin;E:\neo4j-community-3.5.5-windows\neo4j-community-3.5.5-windows\neo4j-community-3.5.5\bin;;C:\Program Files\Sunshine;C:\Program Files\Sunshine\tools;C:\Users\Lin\AppData\Local\Programs\Python\Python313\Scripts\;C:\Users\Lin\AppData\Local\Programs\Python\Python313\;C:\Users\Lin\AppData\Local\Microsoft\WindowsApps;E:\JAVA\jdk1.8.0\bin;E:\JAVA\IntelliJ IDEA 2022.1.4\bin;;E:\JetBrains\PyCharm Community Edition 2024.2.1\bin;;
USERNAME=Lin
OS=Windows_NT
PROCESSOR_IDENTIFIER=AMD64 Family 25 Model 97 Stepping 2, AuthenticAMD
TMP=C:\Users\Lin\AppData\Local\Temp
TEMP=C:\Users\Lin\AppData\Local\Temp




Periodic native trim disabled

---------------  S Y S T E M  ---------------

OS:
 Windows 11 , 64 bit Build 26100 (10.0.26100.8246)
OS uptime: 0 days 4:25 hours

CPU: total 32 (initial active 32) (32 cores per cpu, 2 threads per core) family 25 model 97 stepping 2 microcode 0xa60120c, cx8, cmov, fxsr, ht, mmx, 3dnowpref, sse, sse2, sse3, ssse3, sse4a, sse4.1, sse4.2, popcnt, lzcnt, tsc, tscinvbit, avx, avx2, aes, erms, clmul, bmi1, bmi2, adx, avx512f, avx512dq, avx512cd, avx512bw, avx512vl, sha, fma, vzeroupper, avx512_vpopcntdq, avx512_vpclmulqdq, avx512_vaes, avx512_vnni, clflush, clflushopt, avx512_vbmi2, avx512_vbmi, rdtscp, rdpid, fsrm, gfni, avx512_bitalg, f16c, pku, cet_ss, avx512_ifma
Processor Information for processor 0
  Max Mhz: 2501, Current Mhz: 2501, Mhz Limit: 2501
Processor Information for processor 1
  Max Mhz: 2501, Current Mhz: 1987, Mhz Limit: 2501
Processor Information for processor 2
  Max Mhz: 2501, Current Mhz: 2501, Mhz Limit: 2501
Processor Information for processor 3
  Max Mhz: 2501, Current Mhz: 1987, Mhz Limit: 2501
Processor Information for processor 4
  Max Mhz: 2501, Current Mhz: 2501, Mhz Limit: 2501
Processor Information for processor 5
  Max Mhz: 2501, Current Mhz: 2501, Mhz Limit: 2501
Processor Information for processor 6
  Max Mhz: 2501, Current Mhz: 2501, Mhz Limit: 2501
Processor Information for processor 7
  Max Mhz: 2501, Current Mhz: 1987, Mhz Limit: 2501
Processor Information for processor 8
  Max Mhz: 2501, Current Mhz: 1987, Mhz Limit: 2501
Processor Information for processor 9
  Max Mhz: 2501, Current Mhz: 1987, Mhz Limit: 2501
Processor Information for processor 10
  Max Mhz: 2501, Current Mhz: 1987, Mhz Limit: 2501
Processor Information for processor 11
  Max Mhz: 2501, Current Mhz: 1987, Mhz Limit: 2501
Processor Information for processor 12
  Max Mhz: 2501, Current Mhz: 1987, Mhz Limit: 2501
Processor Information for processor 13
  Max Mhz: 2501, Current Mhz: 1987, Mhz Limit: 2501
Processor Information for processor 14
  Max Mhz: 2501, Current Mhz: 1987, Mhz Limit: 2501
Processor Information for processor 15
  Max Mhz: 2501, Current Mhz: 1987, Mhz Limit: 2501
Processor Information for processor 16
  Max Mhz: 2501, Current Mhz: 1987, Mhz Limit: 2501
Processor Information for processor 17
  Max Mhz: 2501, Current Mhz: 1987, Mhz Limit: 2501
Processor Information for processor 18
  Max Mhz: 2501, Current Mhz: 2501, Mhz Limit: 2501
Processor Information for processor 19
  Max Mhz: 2501, Current Mhz: 2501, Mhz Limit: 2501
Processor Information for processor 20
  Max Mhz: 2501, Current Mhz: 1987, Mhz Limit: 2501
Processor Information for processor 21
  Max Mhz: 2501, Current Mhz: 1987, Mhz Limit: 2501
Processor Information for processor 22
  Max Mhz: 2501, Current Mhz: 2501, Mhz Limit: 2501
Processor Information for processor 23
  Max Mhz: 2501, Current Mhz: 1987, Mhz Limit: 2501
Processor Information for processor 24
  Max Mhz: 2501, Current Mhz: 1987, Mhz Limit: 2501
Processor Information for processor 25
  Max Mhz: 2501, Current Mhz: 1987, Mhz Limit: 2501
Processor Information for processor 26
  Max Mhz: 2501, Current Mhz: 1987, Mhz Limit: 2501
Processor Information for processor 27
  Max Mhz: 2501, Current Mhz: 1987, Mhz Limit: 2501
Processor Information for processor 28
  Max Mhz: 2501, Current Mhz: 1987, Mhz Limit: 2501
Processor Information for processor 29
  Max Mhz: 2501, Current Mhz: 1987, Mhz Limit: 2501
Processor Information for processor 30
  Max Mhz: 2501, Current Mhz: 1987, Mhz Limit: 2501
Processor Information for processor 31
  Max Mhz: 2501, Current Mhz: 1987, Mhz Limit: 2501

Memory: 4k page, system-wide physical 16064M (784M free)
TotalPageFile size 48832M (AvailPageFile size 17M)
current process WorkingSet (physical memory assigned to process): 90M, peak: 90M
current process commit charge ("private bytes"): 387M, peak: 387M

vm_info: OpenJDK 64-Bit Server VM (21.0.10+7-LTS) for windows-amd64 JRE (21.0.10+7-LTS), built on 2026-01-20T00:00:00Z by "admin" with MS VC++ 17.12 (VS2022)

END.
